{"/app/src/config/mongo.js": {"path":"/app/src/config/mongo.js","statementMap":{"0":{"start":{"line":4,"column":0},"end":{"line":4,"column":16}},"1":{"start":{"line":6,"column":16},"end":{"line":6,"column":50}},"2":{"start":{"line":7,"column":16},"end":{"line":7,"column":23}},"3":{"start":{"line":8,"column":16},"end":{"line":8,"column":50}},"4":{"start":{"line":9,"column":15},"end":{"line":9,"column":44}},"5":{"start":{"line":10,"column":19},"end":{"line":10,"column":52}},"6":{"start":{"line":12,"column":15},"end":{"line":12,"column":102}},"7":{"start":{"line":14,"column":18},"end":{"line":22,"column":1}},"8":{"start":{"line":15,"column":4},"end":{"line":21,"column":5}},"9":{"start":{"line":16,"column":8},"end":{"line":16,"column":39}},"10":{"start":{"line":17,"column":8},"end":{"line":17,"column":45}},"11":{"start":{"line":19,"column":8},"end":{"line":19,"column":48}}},"fnMap":{"0":{"name":"(anonymous_0)","decl":{"start":{"line":14,"column":18},"end":{"line":14,"column":19}},"loc":{"start":{"line":14,"column":28},"end":{"line":22,"column":1}},"line":14}},"branchMap":{"0":{"loc":{"start":{"line":6,"column":16},"end":{"line":6,"column":50}},"type":"binary-expr","locations":[{"start":{"line":6,"column":16},"end":{"line":6,"column":35}},{"start":{"line":6,"column":39},"end":{"line":6,"column":50}}],"line":6},"1":{"loc":{"start":{"line":8,"column":16},"end":{"line":8,"column":50}},"type":"binary-expr","locations":[{"start":{"line":8,"column":16},"end":{"line":8,"column":35}},{"start":{"line":8,"column":39},"end":{"line":8,"column":50}}],"line":8},"2":{"loc":{"start":{"line":9,"column":15},"end":{"line":9,"column":44}},"type":"binary-expr","locations":[{"start":{"line":9,"column":15},"end":{"line":9,"column":34}},{"start":{"line":9,"column":38},"end":{"line":9,"column":44}}],"line":9},"3":{"loc":{"start":{"line":10,"column":19},"end":{"line":10,"column":52}},"type":"binary-expr","locations":[{"start":{"line":10,"column":19},"end":{"line":10,"column":42}},{"start":{"line":10,"column":46},"end":{"line":10,"column":52}}],"line":10}},"s":{"0":1,"1":1,"2":1,"3":1,"4":1,"5":1,"6":1,"7":1,"8":1,"9":1,"10":1,"11":0},"f":{"0":1},"b":{"0":[1,0],"1":[1,0],"2":[1,0],"3":[1,0]},"_coverageSchema":"1a1c01bbd47fc00a2c39e90264f33305004495a9","hash":"1957db2cab677d37c9c7ca9a5ebf975091cce40c"}
,"/app/src/controllers/user/userController.js": {"path":"/app/src/controllers/user/userController.js","statementMap":{"0":{"start":{"line":3,"column":15},"end":{"line":11,"column":1}},"1":{"start":{"line":4,"column":4},"end":{"line":10,"column":5}},"2":{"start":{"line":5,"column":22},"end":{"line":5,"column":44}},"3":{"start":{"line":6,"column":8},"end":{"line":6,"column":21}},"4":{"start":{"line":8,"column":8},"end":{"line":8,"column":29}},"5":{"start":{"line":9,"column":8},"end":{"line":9,"column":18}},"6":{"start":{"line":12,"column":16},"end":{"line":21,"column":1}},"7":{"start":{"line":13,"column":4},"end":{"line":20,"column":5}},"8":{"start":{"line":14,"column":21},"end":{"line":14,"column":49}},"9":{"start":{"line":15,"column":8},"end":{"line":15,"column":20}},"10":{"start":{"line":17,"column":8},"end":{"line":17,"column":29}},"11":{"start":{"line":18,"column":8},"end":{"line":18,"column":20}},"12":{"start":{"line":22,"column":22},"end":{"line":29,"column":1}},"13":{"start":{"line":23,"column":4},"end":{"line":28,"column":5}},"14":{"start":{"line":24,"column":21},"end":{"line":24,"column":61}},"15":{"start":{"line":25,"column":8},"end":{"line":25,"column":20}},"16":{"start":{"line":27,"column":8},"end":{"line":27,"column":20}},"17":{"start":{"line":30,"column":15},"end":{"line":38,"column":1}},"18":{"start":{"line":31,"column":4},"end":{"line":37,"column":5}},"19":{"start":{"line":32,"column":21},"end":{"line":32,"column":49}},"20":{"start":{"line":33,"column":8},"end":{"line":33,"column":20}},"21":{"start":{"line":35,"column":8},"end":{"line":35,"column":29}},"22":{"start":{"line":36,"column":8},"end":{"line":36,"column":20}},"23":{"start":{"line":40,"column":15},"end":{"line":48,"column":1}},"24":{"start":{"line":41,"column":4},"end":{"line":47,"column":5}},"25":{"start":{"line":42,"column":21},"end":{"line":42,"column":63}},"26":{"start":{"line":43,"column":8},"end":{"line":43,"column":20}},"27":{"start":{"line":45,"column":8},"end":{"line":45,"column":29}},"28":{"start":{"line":46,"column":8},"end":{"line":46,"column":20}},"29":{"start":{"line":50,"column":15},"end":{"line":58,"column":1}},"30":{"start":{"line":51,"column":4},"end":{"line":57,"column":5}},"31":{"start":{"line":52,"column":21},"end":{"line":52,"column":58}},"32":{"start":{"line":53,"column":8},"end":{"line":53,"column":20}},"33":{"start":{"line":55,"column":8},"end":{"line":55,"column":29}},"34":{"start":{"line":56,"column":8},"end":{"line":56,"column":20}},"35":{"start":{"line":60,"column":25},"end":{"line":67,"column":1}}},"fnMap":{"0":{"name":"(anonymous_0)","decl":{"start":{"line":3,"column":15},"end":{"line":3,"column":16}},"loc":{"start":{"line":3,"column":25},"end":{"line":11,"column":1}},"line":3},"1":{"name":"(anonymous_1)","decl":{"start":{"line":12,"column":16},"end":{"line":12,"column":17}},"loc":{"start":{"line":12,"column":28},"end":{"line":21,"column":1}},"line":12},"2":{"name":"(anonymous_2)","decl":{"start":{"line":22,"column":22},"end":{"line":22,"column":23}},"loc":{"start":{"line":22,"column":46},"end":{"line":29,"column":1}},"line":22},"3":{"name":"(anonymous_3)","decl":{"start":{"line":30,"column":15},"end":{"line":30,"column":16}},"loc":{"start":{"line":30,"column":29},"end":{"line":38,"column":1}},"line":30},"4":{"name":"(anonymous_4)","decl":{"start":{"line":40,"column":15},"end":{"line":40,"column":16}},"loc":{"start":{"line":40,"column":32},"end":{"line":48,"column":1}},"line":40},"5":{"name":"(anonymous_5)","decl":{"start":{"line":50,"column":15},"end":{"line":50,"column":16}},"loc":{"start":{"line":50,"column":27},"end":{"line":58,"column":1}},"line":50}},"branchMap":{},"s":{"0":1,"1":0,"2":0,"3":0,"4":0,"5":0,"6":1,"7":0,"8":0,"9":0,"10":0,"11":0,"12":1,"13":2,"14":2,"15":2,"16":0,"17":1,"18":1,"19":1,"20":1,"21":0,"22":0,"23":1,"24":0,"25":0,"26":0,"27":0,"28":0,"29":1,"30":0,"31":0,"32":0,"33":0,"34":0,"35":1},"f":{"0":0,"1":0,"2":2,"3":1,"4":0,"5":0},"b":{},"_coverageSchema":"1a1c01bbd47fc00a2c39e90264f33305004495a9","hash":"e9a9b37a967e68267ded5e457aa52cef0a76c734"}
,"/app/src/models/userModel.js": {"path":"/app/src/models/userModel.js","statementMap":{"0":{"start":{"line":3,"column":19},"end":{"line":28,"column":2}},"1":{"start":{"line":30,"column":18},"end":{"line":30,"column":52}}},"fnMap":{},"branchMap":{},"s":{"0":1,"1":1},"f":{},"b":{},"_coverageSchema":"1a1c01bbd47fc00a2c39e90264f33305004495a9","hash":"4b1ceb9be7fd25b71563e3adde120f620a79d21c"}
}
